[ 2022-10-31T22:10:56+08:00 ] ::1 /thinkphp/index/getByOpenId/openid/'123'
INFO: [ app_init ] --START--
INFO: Run Behavior\BuildLiteBehavior [ RunTime:0.000010s ]
INFO: [ app_init ] --END-- [ RunTime:0.011639s ]
INFO: [ app_begin ] --START--
INFO: Run Behavior\ReadHtmlCacheBehavior [ RunTime:0.013076s ]
INFO: [ app_begin ] --END-- [ RunTime:0.013107s ]
SQL: select * from account where wx_openid ='123' [ RunTime:0.0041s ]
INFO: [ app_end ] --START--
INFO: Run Behavior\ShowPageTraceBehavior [ RunTime:0.006828s ]
INFO: [ app_end ] --END-- [ RunTime:0.006851s ]

[ 2022-10-31T22:11:03+08:00 ] ::1 /thinkphp/index/getByOpenId/openid/123
INFO: [ app_init ] --START--
INFO: Run Behavior\BuildLiteBehavior [ RunTime:0.000003s ]
INFO: [ app_init ] --END-- [ RunTime:0.000157s ]
INFO: [ app_begin ] --START--
INFO: Run Behavior\ReadHtmlCacheBehavior [ RunTime:0.000212s ]
INFO: [ app_begin ] --END-- [ RunTime:0.000224s ]
SQL: select * from account where wx_openid =123 [ RunTime:0.0012s ]
INFO: [ app_end ] --START--
INFO: Run Behavior\ShowPageTraceBehavior [ RunTime:0.000565s ]
INFO: [ app_end ] --END-- [ RunTime:0.000583s ]

[ 2022-10-31T22:40:44+08:00 ] 192.168.168.1 /thinkphp/index/getByOpenId/wx_openid/ouxfo4jWRVJjRyE1Zl850hYuzGNw
INFO: [ app_init ] --START--
INFO: Run Behavior\BuildLiteBehavior [ RunTime:0.000007s ]
INFO: [ app_init ] --END-- [ RunTime:0.000468s ]
INFO: [ app_begin ] --START--
INFO: Run Behavior\ReadHtmlCacheBehavior [ RunTime:0.000541s ]
INFO: [ app_begin ] --END-- [ RunTime:0.000557s ]
ERR: 1064:You have an error in your SQL syntax; check the manual that corresponds to your MySQL server version for the right syntax to use near '' at line 1
 [ SQL语句 ] : select * from account where wx_openid =
ERR: 1064:You have an error in your SQL syntax; check the manual that corresponds to your MySQL server version for the right syntax to use near '' at line 1
 [ SQL语句 ] : select * from account where wx_openid =

[ 2022-10-31T22:43:15+08:00 ] 192.168.168.1 /thinkphp/index/getByOpenId/openid/ouxfo4jWRVJjRyE1Zl850hYuzGNw
INFO: [ app_init ] --START--
INFO: Run Behavior\BuildLiteBehavior [ RunTime:0.000008s ]
INFO: [ app_init ] --END-- [ RunTime:0.000451s ]
INFO: [ app_begin ] --START--
INFO: Run Behavior\ReadHtmlCacheBehavior [ RunTime:0.000283s ]
INFO: [ app_begin ] --END-- [ RunTime:0.000297s ]
ERR: 1054:Unknown column 'ouxfo4jWRVJjRyE1Zl850hYuzGNw' in 'where clause'
 [ SQL语句 ] : select * from account where wx_openid =ouxfo4jWRVJjRyE1Zl850hYuzGNw
ERR: 1054:Unknown column 'ouxfo4jWRVJjRyE1Zl850hYuzGNw' in 'where clause'
 [ SQL语句 ] : select * from account where wx_openid =ouxfo4jWRVJjRyE1Zl850hYuzGNw

[ 2022-10-31T22:43:36+08:00 ] ::1 /thinkphp/index/getByOpenId/openid/321
INFO: [ app_init ] --START--
INFO: Run Behavior\BuildLiteBehavior [ RunTime:0.000004s ]
INFO: [ app_init ] --END-- [ RunTime:0.000162s ]
INFO: [ app_begin ] --START--
INFO: Run Behavior\ReadHtmlCacheBehavior [ RunTime:0.000255s ]
INFO: [ app_begin ] --END-- [ RunTime:0.000269s ]
SQL: select * from account where wx_openid =321 [ RunTime:0.0008s ]
INFO: [ app_end ] --START--
INFO: Run Behavior\ShowPageTraceBehavior [ RunTime:0.000903s ]
INFO: [ app_end ] --END-- [ RunTime:0.000932s ]

[ 2022-10-31T22:44:40+08:00 ] ::1 /thinkphp/index/getByOpenId/openid/'321'
INFO: [ app_init ] --START--
INFO: Run Behavior\BuildLiteBehavior [ RunTime:0.000005s ]
INFO: [ app_init ] --END-- [ RunTime:0.000246s ]
INFO: [ app_begin ] --START--
INFO: Run Behavior\ReadHtmlCacheBehavior [ RunTime:0.000231s ]
INFO: [ app_begin ] --END-- [ RunTime:0.000244s ]
SQL: select * from account where wx_openid ='321' [ RunTime:0.0006s ]
INFO: [ app_end ] --START--
INFO: Run Behavior\ShowPageTraceBehavior [ RunTime:0.000668s ]
INFO: [ app_end ] --END-- [ RunTime:0.000687s ]

[ 2022-10-31T22:45:28+08:00 ] 192.168.168.1 /thinkphp/index/getByName/name/'aasd'
INFO: [ app_init ] --START--
INFO: Run Behavior\BuildLiteBehavior [ RunTime:0.000003s ]
INFO: [ app_init ] --END-- [ RunTime:0.000189s ]
INFO: [ app_begin ] --START--
INFO: Run Behavior\ReadHtmlCacheBehavior [ RunTime:0.000235s ]
INFO: [ app_begin ] --END-- [ RunTime:0.000248s ]
SQL: select * from a1 where name ='aasd' [ RunTime:0.0007s ]
INFO: [ app_end ] --START--
INFO: Run Behavior\ShowPageTraceBehavior [ RunTime:0.000334s ]
INFO: [ app_end ] --END-- [ RunTime:0.000347s ]

[ 2022-10-31T22:45:51+08:00 ] 192.168.168.1 /thinkphp/index/getByName/name/'aasd'
INFO: [ app_init ] --START--
INFO: Run Behavior\BuildLiteBehavior [ RunTime:0.000004s ]
INFO: [ app_init ] --END-- [ RunTime:0.000184s ]
INFO: [ app_begin ] --START--
INFO: Run Behavior\ReadHtmlCacheBehavior [ RunTime:0.000230s ]
INFO: [ app_begin ] --END-- [ RunTime:0.000242s ]
SQL: select * from a1 where name ='aasd' [ RunTime:0.0007s ]
INFO: [ app_end ] --START--
INFO: Run Behavior\ShowPageTraceBehavior [ RunTime:0.000384s ]
INFO: [ app_end ] --END-- [ RunTime:0.000397s ]

[ 2022-10-31T22:46:28+08:00 ] 192.168.168.1 /thinkphp/index/getByName/name/'asd'
INFO: [ app_init ] --START--
INFO: Run Behavior\BuildLiteBehavior [ RunTime:0.000005s ]
INFO: [ app_init ] --END-- [ RunTime:0.000207s ]
INFO: [ app_begin ] --START--
INFO: Run Behavior\ReadHtmlCacheBehavior [ RunTime:0.000304s ]
INFO: [ app_begin ] --END-- [ RunTime:0.000321s ]
SQL: select * from a1 where name ='asd' [ RunTime:0.0006s ]
INFO: [ app_end ] --START--
INFO: Run Behavior\ShowPageTraceBehavior [ RunTime:0.000350s ]
INFO: [ app_end ] --END-- [ RunTime:0.000362s ]

[ 2022-10-31T22:46:35+08:00 ] 192.168.168.1 /thinkphp/index/getByName/name/'dsa'
INFO: [ app_init ] --START--
INFO: Run Behavior\BuildLiteBehavior [ RunTime:0.000003s ]
INFO: [ app_init ] --END-- [ RunTime:0.000154s ]
INFO: [ app_begin ] --START--
INFO: Run Behavior\ReadHtmlCacheBehavior [ RunTime:0.000257s ]
INFO: [ app_begin ] --END-- [ RunTime:0.000271s ]
SQL: select * from a1 where name ='dsa' [ RunTime:0.0005s ]
INFO: [ app_end ] --START--
INFO: Run Behavior\ShowPageTraceBehavior [ RunTime:0.000333s ]
INFO: [ app_end ] --END-- [ RunTime:0.000345s ]

[ 2022-10-31T22:46:37+08:00 ] 192.168.168.1 /thinkphp/index/getByName/name/'dsa'
INFO: [ app_init ] --START--
INFO: Run Behavior\BuildLiteBehavior [ RunTime:0.000003s ]
INFO: [ app_init ] --END-- [ RunTime:0.000156s ]
INFO: [ app_begin ] --START--
INFO: Run Behavior\ReadHtmlCacheBehavior [ RunTime:0.000212s ]
INFO: [ app_begin ] --END-- [ RunTime:0.000224s ]
SQL: select * from a1 where name ='dsa' [ RunTime:0.0006s ]
INFO: [ app_end ] --START--
INFO: Run Behavior\ShowPageTraceBehavior [ RunTime:0.000314s ]
INFO: [ app_end ] --END-- [ RunTime:0.000327s ]

[ 2022-10-31T22:47:39+08:00 ] ::1 /thinkphp/Index/getByName/name/'aa'
INFO: [ app_init ] --START--
INFO: Run Behavior\BuildLiteBehavior [ RunTime:0.000006s ]
INFO: [ app_init ] --END-- [ RunTime:0.000258s ]
INFO: [ app_begin ] --START--
INFO: Run Behavior\ReadHtmlCacheBehavior [ RunTime:0.000287s ]
INFO: [ app_begin ] --END-- [ RunTime:0.000301s ]
SQL: select * from a1 where name ='aa' [ RunTime:0.0009s ]
INFO: [ app_end ] --START--
INFO: Run Behavior\ShowPageTraceBehavior [ RunTime:0.000483s ]
INFO: [ app_end ] --END-- [ RunTime:0.000498s ]

[ 2022-10-31T22:47:42+08:00 ] ::1 /thinkphp/Index/getByName/name/'aa2'
INFO: [ app_init ] --START--
INFO: Run Behavior\BuildLiteBehavior [ RunTime:0.000004s ]
INFO: [ app_init ] --END-- [ RunTime:0.000166s ]
INFO: [ app_begin ] --START--
INFO: Run Behavior\ReadHtmlCacheBehavior [ RunTime:0.000220s ]
INFO: [ app_begin ] --END-- [ RunTime:0.000232s ]
SQL: select * from a1 where name ='aa2' [ RunTime:0.0003s ]
INFO: [ app_end ] --START--
INFO: Run Behavior\ShowPageTraceBehavior [ RunTime:0.000507s ]
INFO: [ app_end ] --END-- [ RunTime:0.000521s ]

[ 2022-10-31T22:49:52+08:00 ] 192.168.168.1 /thinkphp/index/getByOpenId/openid/'ouxfo4jWRVJjRyE1Zl850hYuzGNw'
INFO: [ app_init ] --START--
INFO: Run Behavior\BuildLiteBehavior [ RunTime:0.000003s ]
INFO: [ app_init ] --END-- [ RunTime:0.000329s ]
INFO: [ app_begin ] --START--
INFO: Run Behavior\ReadHtmlCacheBehavior [ RunTime:0.000372s ]
INFO: [ app_begin ] --END-- [ RunTime:0.000386s ]
SQL: select * from account where wx_openid ='ouxfo4jWRVJjRyE1Zl850hYuzGNw' [ RunTime:0.0010s ]
INFO: [ app_end ] --START--
INFO: Run Behavior\ShowPageTraceBehavior [ RunTime:0.000637s ]
INFO: [ app_end ] --END-- [ RunTime:0.000650s ]

[ 2022-10-31T22:49:52+08:00 ] 192.168.168.1 /thinkphp/index/regAccount/openid/ouxfo4jWRVJjRyE1Zl850hYuzGNw/nickName/Sirui
INFO: [ app_init ] --START--
INFO: Run Behavior\BuildLiteBehavior [ RunTime:0.000003s ]
INFO: [ app_init ] --END-- [ RunTime:0.000152s ]
INFO: [ app_begin ] --START--
INFO: Run Behavior\ReadHtmlCacheBehavior [ RunTime:0.000224s ]
INFO: [ app_begin ] --END-- [ RunTime:0.000237s ]
NOTIC: [8] Undefined variable: nickName C:\phpstudy_pro\WWW\thinkphp\Application\Home\Controller\IndexController.class.php 第 41 行.
SQL: SHOW COLUMNS FROM `account` [ RunTime:0.0008s ]
SQL: INSERT INTO `account` (`wx_openid`,`nickName`) VALUES ('ouxfo4jWRVJjRyE1Zl850hYuzGNw',NULL) [ RunTime:0.0010s ]
INFO: [ app_end ] --START--
INFO: Run Behavior\ShowPageTraceBehavior [ RunTime:0.000516s ]
INFO: [ app_end ] --END-- [ RunTime:0.000540s ]

[ 2022-10-31T22:57:01+08:00 ] 192.168.168.1 /thinkphp/index/getByOpenId/openid/'ouxfo4jWRVJjRyE1Zl850hYuzGNw'
INFO: [ app_init ] --START--
INFO: Run Behavior\BuildLiteBehavior [ RunTime:0.000007s ]
INFO: [ app_init ] --END-- [ RunTime:0.000635s ]
INFO: [ app_begin ] --START--
INFO: Run Behavior\ReadHtmlCacheBehavior [ RunTime:0.000710s ]
INFO: [ app_begin ] --END-- [ RunTime:0.000749s ]
SQL: select * from account where wx_openid ='ouxfo4jWRVJjRyE1Zl850hYuzGNw' [ RunTime:0.0049s ]
INFO: [ app_end ] --START--
INFO: Run Behavior\ShowPageTraceBehavior [ RunTime:0.000640s ]
INFO: [ app_end ] --END-- [ RunTime:0.000655s ]

[ 2022-10-31T22:57:01+08:00 ] 192.168.168.1 /thinkphp/index/regAccount/openid/ouxfo4jWRVJjRyE1Zl850hYuzGNw/nickName/Sirui
INFO: [ app_init ] --START--
INFO: Run Behavior\BuildLiteBehavior [ RunTime:0.000003s ]
INFO: [ app_init ] --END-- [ RunTime:0.000153s ]
INFO: [ app_begin ] --START--
INFO: Run Behavior\ReadHtmlCacheBehavior [ RunTime:0.000213s ]
INFO: [ app_begin ] --END-- [ RunTime:0.000225s ]
NOTIC: [8] Undefined variable: nickName C:\phpstudy_pro\WWW\thinkphp\Application\Home\Controller\IndexController.class.php 第 41 行.
SQL: SHOW COLUMNS FROM `account` [ RunTime:0.0009s ]
SQL: INSERT INTO `account` (`wx_openid`,`nickName`) VALUES ('ouxfo4jWRVJjRyE1Zl850hYuzGNw',NULL) [ RunTime:0.0002s ]
INFO: [ app_end ] --START--
INFO: Run Behavior\ShowPageTraceBehavior [ RunTime:0.000368s ]
INFO: [ app_end ] --END-- [ RunTime:0.000382s ]

[ 2022-10-31T22:57:40+08:00 ] 192.168.168.1 /thinkphp/index/getByOpenId/openid/'ouxfo4jWRVJjRyE1Zl850hYuzGNw'
INFO: [ app_init ] --START--
INFO: Run Behavior\BuildLiteBehavior [ RunTime:0.000004s ]
INFO: [ app_init ] --END-- [ RunTime:0.000169s ]
INFO: [ app_begin ] --START--
INFO: Run Behavior\ReadHtmlCacheBehavior [ RunTime:0.000241s ]
INFO: [ app_begin ] --END-- [ RunTime:0.000253s ]
SQL: select * from account where wx_openid ='ouxfo4jWRVJjRyE1Zl850hYuzGNw' [ RunTime:0.0012s ]
INFO: [ app_end ] --START--
INFO: Run Behavior\ShowPageTraceBehavior [ RunTime:0.000442s ]
INFO: [ app_end ] --END-- [ RunTime:0.000459s ]

[ 2022-10-31T22:57:41+08:00 ] 192.168.168.1 /thinkphp/index/regAccount/openid/ouxfo4jWRVJjRyE1Zl850hYuzGNw/nickName/Sirui
INFO: [ app_init ] --START--
INFO: Run Behavior\BuildLiteBehavior [ RunTime:0.000005s ]
INFO: [ app_init ] --END-- [ RunTime:0.000254s ]
INFO: [ app_begin ] --START--
INFO: Run Behavior\ReadHtmlCacheBehavior [ RunTime:0.000236s ]
INFO: [ app_begin ] --END-- [ RunTime:0.000251s ]
SQL: SHOW COLUMNS FROM `account` [ RunTime:0.0010s ]
SQL: INSERT INTO `account` (`wx_openid`,`nickName`) VALUES ('ouxfo4jWRVJjRyE1Zl850hYuzGNw','Sirui') [ RunTime:0.0003s ]
INFO: [ app_end ] --START--
INFO: Run Behavior\ShowPageTraceBehavior [ RunTime:0.000383s ]
INFO: [ app_end ] --END-- [ RunTime:0.000395s ]

[ 2022-10-31T22:59:38+08:00 ] 192.168.168.1 /thinkphp/index/getByOpenId/openid/'ouxfo4jWRVJjRyE1Zl850hYuzGNw'
INFO: [ app_init ] --START--
INFO: Run Behavior\BuildLiteBehavior [ RunTime:0.000004s ]
INFO: [ app_init ] --END-- [ RunTime:0.000187s ]
INFO: [ app_begin ] --START--
INFO: Run Behavior\ReadHtmlCacheBehavior [ RunTime:0.000238s ]
INFO: [ app_begin ] --END-- [ RunTime:0.000251s ]
SQL: select * from account where wx_openid ='ouxfo4jWRVJjRyE1Zl850hYuzGNw' [ RunTime:0.0005s ]
INFO: [ app_end ] --START--
INFO: Run Behavior\ShowPageTraceBehavior [ RunTime:0.000423s ]
INFO: [ app_end ] --END-- [ RunTime:0.000437s ]

[ 2022-10-31T23:00:28+08:00 ] 192.168.168.1 /thinkphp/index/getByOpenId/openid/'ouxfo4jWRVJjRyE1Zl850hYuzGNw'
INFO: [ app_init ] --START--
INFO: Run Behavior\BuildLiteBehavior [ RunTime:0.000003s ]
INFO: [ app_init ] --END-- [ RunTime:0.000155s ]
INFO: [ app_begin ] --START--
INFO: Run Behavior\ReadHtmlCacheBehavior [ RunTime:0.000215s ]
INFO: [ app_begin ] --END-- [ RunTime:0.000228s ]
SQL: select * from account where wx_openid ='ouxfo4jWRVJjRyE1Zl850hYuzGNw' [ RunTime:0.0007s ]
INFO: [ app_end ] --START--
INFO: Run Behavior\ShowPageTraceBehavior [ RunTime:0.000458s ]
INFO: [ app_end ] --END-- [ RunTime:0.000472s ]

[ 2022-10-31T23:00:48+08:00 ] 192.168.168.1 /thinkphp/index/getByOpenId/openid/'ouxfo4jWRVJjRyE1Zl850hYuzGNw'
INFO: [ app_init ] --START--
INFO: Run Behavior\BuildLiteBehavior [ RunTime:0.000004s ]
INFO: [ app_init ] --END-- [ RunTime:0.000180s ]
INFO: [ app_begin ] --START--
INFO: Run Behavior\ReadHtmlCacheBehavior [ RunTime:0.000278s ]
INFO: [ app_begin ] --END-- [ RunTime:0.000293s ]
SQL: select * from account where wx_openid ='ouxfo4jWRVJjRyE1Zl850hYuzGNw' [ RunTime:0.0005s ]
INFO: [ app_end ] --START--
INFO: Run Behavior\ShowPageTraceBehavior [ RunTime:0.000330s ]
INFO: [ app_end ] --END-- [ RunTime:0.000346s ]

[ 2022-10-31T23:02:26+08:00 ] 192.168.168.1 /thinkphp/index/getByOpenId/openid/ouxfo4jWRVJjRyE1Zl850hYuzGNw
INFO: [ app_init ] --START--
INFO: Run Behavior\BuildLiteBehavior [ RunTime:0.000004s ]
INFO: [ app_init ] --END-- [ RunTime:0.000186s ]
INFO: [ app_begin ] --START--
INFO: Run Behavior\ReadHtmlCacheBehavior [ RunTime:0.000261s ]
INFO: [ app_begin ] --END-- [ RunTime:0.000277s ]
ERR: 1054:Unknown column 'ouxfo4jWRVJjRyE1Zl850hYuzGNw' in 'where clause'
 [ SQL语句 ] : select * from account where wx_openid =ouxfo4jWRVJjRyE1Zl850hYuzGNw
ERR: 1054:Unknown column 'ouxfo4jWRVJjRyE1Zl850hYuzGNw' in 'where clause'
 [ SQL语句 ] : select * from account where wx_openid =ouxfo4jWRVJjRyE1Zl850hYuzGNw

[ 2022-10-31T23:02:42+08:00 ] 192.168.168.1 /thinkphp/index/getByOpenId/openid/'ouxfo4jWRVJjRyE1Zl850hYuzGNw'
INFO: [ app_init ] --START--
INFO: Run Behavior\BuildLiteBehavior [ RunTime:0.000005s ]
INFO: [ app_init ] --END-- [ RunTime:0.000172s ]
INFO: [ app_begin ] --START--
INFO: Run Behavior\ReadHtmlCacheBehavior [ RunTime:0.000255s ]
INFO: [ app_begin ] --END-- [ RunTime:0.000272s ]
SQL: select * from account where wx_openid ='ouxfo4jWRVJjRyE1Zl850hYuzGNw' [ RunTime:0.0006s ]
INFO: [ app_end ] --START--
INFO: Run Behavior\ShowPageTraceBehavior [ RunTime:0.000470s ]
INFO: [ app_end ] --END-- [ RunTime:0.000485s ]

[ 2022-10-31T23:04:54+08:00 ] 192.168.168.1 /thinkphp/index/getByOpenId/openid/'ouxfo4jWRVJjRyE1Zl850hYuzGNw'
INFO: [ app_init ] --START--
INFO: Run Behavior\BuildLiteBehavior [ RunTime:0.000004s ]
INFO: [ app_init ] --END-- [ RunTime:0.000192s ]
INFO: [ app_begin ] --START--
INFO: Run Behavior\ReadHtmlCacheBehavior [ RunTime:0.000243s ]
INFO: [ app_begin ] --END-- [ RunTime:0.000256s ]
SQL: select * from account where wx_openid ='ouxfo4jWRVJjRyE1Zl850hYuzGNw' [ RunTime:0.0005s ]
INFO: [ app_end ] --START--
INFO: Run Behavior\ShowPageTraceBehavior [ RunTime:0.000491s ]
INFO: [ app_end ] --END-- [ RunTime:0.000504s ]

[ 2022-10-31T23:05:23+08:00 ] 192.168.168.1 /thinkphp/index/getByOpenId/openid/'ouxfo4jWRVJjRyE1Zl850hYuzGNw'
INFO: [ app_init ] --START--
INFO: Run Behavior\BuildLiteBehavior [ RunTime:0.000004s ]
INFO: [ app_init ] --END-- [ RunTime:0.000214s ]
INFO: [ app_begin ] --START--
INFO: Run Behavior\ReadHtmlCacheBehavior [ RunTime:0.000559s ]
INFO: [ app_begin ] --END-- [ RunTime:0.000571s ]
SQL: select * from account where wx_openid ='ouxfo4jWRVJjRyE1Zl850hYuzGNw' [ RunTime:0.0004s ]
INFO: [ app_end ] --START--
INFO: Run Behavior\ShowPageTraceBehavior [ RunTime:0.000385s ]
INFO: [ app_end ] --END-- [ RunTime:0.000400s ]

[ 2022-10-31T23:05:37+08:00 ] 192.168.168.1 /thinkphp/index/getByOpenId/openid/'ouxfo4jWRVJjRyE1Zl850hYuzGNw'
INFO: [ app_init ] --START--
INFO: Run Behavior\BuildLiteBehavior [ RunTime:0.000003s ]
INFO: [ app_init ] --END-- [ RunTime:0.000152s ]
INFO: [ app_begin ] --START--
INFO: Run Behavior\ReadHtmlCacheBehavior [ RunTime:0.000212s ]
INFO: [ app_begin ] --END-- [ RunTime:0.000225s ]
SQL: select * from account where wx_openid ='ouxfo4jWRVJjRyE1Zl850hYuzGNw' [ RunTime:0.0002s ]
INFO: [ app_end ] --START--
INFO: Run Behavior\ShowPageTraceBehavior [ RunTime:0.000264s ]
INFO: [ app_end ] --END-- [ RunTime:0.000275s ]

[ 2022-10-31T23:05:58+08:00 ] 192.168.168.1 /thinkphp/index/getByOpenId/openid/'ouxfo4jWRVJjRyE1Zl850hYuzGNw'
INFO: [ app_init ] --START--
INFO: Run Behavior\BuildLiteBehavior [ RunTime:0.000004s ]
INFO: [ app_init ] --END-- [ RunTime:0.000155s ]
INFO: [ app_begin ] --START--
INFO: Run Behavior\ReadHtmlCacheBehavior [ RunTime:0.000219s ]
INFO: [ app_begin ] --END-- [ RunTime:0.000232s ]
SQL: select * from account where wx_openid ='ouxfo4jWRVJjRyE1Zl850hYuzGNw' [ RunTime:0.0003s ]
INFO: [ app_end ] --START--
INFO: Run Behavior\ShowPageTraceBehavior [ RunTime:0.000349s ]
INFO: [ app_end ] --END-- [ RunTime:0.000361s ]

[ 2022-10-31T23:05:58+08:00 ] 192.168.168.1 /thinkphp/index/regAccount/openid/ouxfo4jWRVJjRyE1Zl850hYuzGNw/nickName/Sirui
INFO: [ app_init ] --START--
INFO: Run Behavior\BuildLiteBehavior [ RunTime:0.000005s ]
INFO: [ app_init ] --END-- [ RunTime:0.000218s ]
INFO: [ app_begin ] --START--
INFO: Run Behavior\ReadHtmlCacheBehavior [ RunTime:0.000216s ]
INFO: [ app_begin ] --END-- [ RunTime:0.000228s ]
SQL: SHOW COLUMNS FROM `account` [ RunTime:0.0007s ]
SQL: INSERT INTO `account` (`wx_openid`,`nickName`) VALUES ('ouxfo4jWRVJjRyE1Zl850hYuzGNw','Sirui') [ RunTime:0.0002s ]
INFO: [ app_end ] --START--
INFO: Run Behavior\ShowPageTraceBehavior [ RunTime:0.000459s ]
INFO: [ app_end ] --END-- [ RunTime:0.000473s ]

[ 2022-10-31T23:12:51+08:00 ] 192.168.168.1 /thinkphp/index/getByOpenId/openid/'ouxfo4jWRVJjRyE1Zl850hYuzGNw'
INFO: [ app_init ] --START--
INFO: Run Behavior\BuildLiteBehavior [ RunTime:0.000003s ]
INFO: [ app_init ] --END-- [ RunTime:0.000200s ]
INFO: [ app_begin ] --START--
INFO: Run Behavior\ReadHtmlCacheBehavior [ RunTime:0.000255s ]
INFO: [ app_begin ] --END-- [ RunTime:0.000268s ]
SQL: select * from account where wx_openid ='ouxfo4jWRVJjRyE1Zl850hYuzGNw' [ RunTime:0.0003s ]
INFO: [ app_end ] --START--
INFO: Run Behavior\ShowPageTraceBehavior [ RunTime:0.000412s ]
INFO: [ app_end ] --END-- [ RunTime:0.000424s ]

[ 2022-10-31T23:12:51+08:00 ] 192.168.168.1 /thinkphp/index/regAccount/openid/ouxfo4jWRVJjRyE1Zl850hYuzGNw/nickName/Sirui
INFO: [ app_init ] --START--
INFO: Run Behavior\BuildLiteBehavior [ RunTime:0.000003s ]
INFO: [ app_init ] --END-- [ RunTime:0.000151s ]
INFO: [ app_begin ] --START--
INFO: Run Behavior\ReadHtmlCacheBehavior [ RunTime:0.000217s ]
INFO: [ app_begin ] --END-- [ RunTime:0.000230s ]
SQL: SHOW COLUMNS FROM `account` [ RunTime:0.0007s ]
SQL: INSERT INTO `account` (`wx_openid`,`nickName`) VALUES ('ouxfo4jWRVJjRyE1Zl850hYuzGNw','Sirui') [ RunTime:0.0002s ]
INFO: [ app_end ] --START--
INFO: Run Behavior\ShowPageTraceBehavior [ RunTime:0.000363s ]
INFO: [ app_end ] --END-- [ RunTime:0.000377s ]

[ 2022-10-31T23:13:07+08:00 ] 192.168.168.1 /thinkphp/index/getByOpenId/openid/'ouxfo4jWRVJjRyE1Zl850hYuzGNw'
INFO: [ app_init ] --START--
INFO: Run Behavior\BuildLiteBehavior [ RunTime:0.000004s ]
INFO: [ app_init ] --END-- [ RunTime:0.000152s ]
INFO: [ app_begin ] --START--
INFO: Run Behavior\ReadHtmlCacheBehavior [ RunTime:0.000211s ]
INFO: [ app_begin ] --END-- [ RunTime:0.000223s ]
SQL: select * from account where wx_openid ='ouxfo4jWRVJjRyE1Zl850hYuzGNw' [ RunTime:0.0004s ]
INFO: [ app_end ] --START--
INFO: Run Behavior\ShowPageTraceBehavior [ RunTime:0.000364s ]
INFO: [ app_end ] --END-- [ RunTime:0.000377s ]

[ 2022-10-31T23:17:16+08:00 ] 192.168.168.1 /thinkphp/index/getByOpenId/openid/'ouxfo4jWRVJjRyE1Zl850hYuzGNw'
INFO: [ app_init ] --START--
INFO: Run Behavior\BuildLiteBehavior [ RunTime:0.000007s ]
INFO: [ app_init ] --END-- [ RunTime:0.000399s ]
INFO: [ app_begin ] --START--
INFO: Run Behavior\ReadHtmlCacheBehavior [ RunTime:0.000452s ]
INFO: [ app_begin ] --END-- [ RunTime:0.000471s ]
SQL: select * from account where wx_openid ='ouxfo4jWRVJjRyE1Zl850hYuzGNw' [ RunTime:0.0008s ]
INFO: [ app_end ] --START--
INFO: Run Behavior\ShowPageTraceBehavior [ RunTime:0.000533s ]
INFO: [ app_end ] --END-- [ RunTime:0.000547s ]

[ 2022-10-31T23:17:49+08:00 ] 192.168.168.1 /thinkphp/index/getByOpenId/openid/'ouxfo4jWRVJjRyE1Zl850hYuzGNw'
INFO: [ app_init ] --START--
INFO: Run Behavior\BuildLiteBehavior [ RunTime:0.000003s ]
INFO: [ app_init ] --END-- [ RunTime:0.000155s ]
INFO: [ app_begin ] --START--
INFO: Run Behavior\ReadHtmlCacheBehavior [ RunTime:0.000224s ]
INFO: [ app_begin ] --END-- [ RunTime:0.000236s ]
SQL: select * from account where wx_openid ='ouxfo4jWRVJjRyE1Zl850hYuzGNw' [ RunTime:0.0004s ]
INFO: [ app_end ] --START--
INFO: Run Behavior\ShowPageTraceBehavior [ RunTime:0.000268s ]
INFO: [ app_end ] --END-- [ RunTime:0.000279s ]

[ 2022-10-31T23:19:40+08:00 ] 192.168.168.1 /thinkphp/index/getByOpenId/openid/'ouxfo4jWRVJjRyE1Zl850hYuzGNw'
INFO: [ app_init ] --START--
INFO: Run Behavior\BuildLiteBehavior [ RunTime:0.000007s ]
INFO: [ app_init ] --END-- [ RunTime:0.000366s ]
INFO: [ app_begin ] --START--
INFO: Run Behavior\ReadHtmlCacheBehavior [ RunTime:0.000506s ]
INFO: [ app_begin ] --END-- [ RunTime:0.000527s ]
SQL: select * from account where wx_openid ='ouxfo4jWRVJjRyE1Zl850hYuzGNw' [ RunTime:0.0005s ]
INFO: [ app_end ] --START--
INFO: Run Behavior\ShowPageTraceBehavior [ RunTime:0.000578s ]
INFO: [ app_end ] --END-- [ RunTime:0.000598s ]

[ 2022-10-31T23:20:03+08:00 ] 192.168.168.1 /thinkphp/index/getByOpenId/openid/'ouxfo4jWRVJjRyE1Zl850hYuzGNw'
INFO: [ app_init ] --START--
INFO: Run Behavior\BuildLiteBehavior [ RunTime:0.000003s ]
INFO: [ app_init ] --END-- [ RunTime:0.000154s ]
INFO: [ app_begin ] --START--
INFO: Run Behavior\ReadHtmlCacheBehavior [ RunTime:0.000211s ]
INFO: [ app_begin ] --END-- [ RunTime:0.000223s ]
SQL: select * from account where wx_openid ='ouxfo4jWRVJjRyE1Zl850hYuzGNw' [ RunTime:0.0005s ]
INFO: [ app_end ] --START--
INFO: Run Behavior\ShowPageTraceBehavior [ RunTime:0.000303s ]
INFO: [ app_end ] --END-- [ RunTime:0.000352s ]

